[2016-03-31 15:01:38] START
[2016-03-31 15:02:59] CREATE db1.py: 0
[2016-03-31 15:04:24] EDIT Campus_Store/controllers/default.py: -5
[2016-03-31 15:06:55] EDIT Campus_Store/controllers/default.py: 0
[2016-03-31 15:07:02] EDIT Campus_Store/controllers/default.py: 0
[2016-03-31 15:30:34] EDIT Campus_Store/models/db1.py: 11
[2016-03-31 15:33:13] EDIT Campus_Store/models/db1.py: 1
[2016-03-31 15:36:29] EDIT Campus_Store/controllers/default.py: 10
[2016-03-31 15:37:12] CREATE default/shop.html: 0
[2016-03-31 15:38:25] EDIT Campus_Store/views/default/shop.html: 2
[2016-03-31 15:39:46] EDIT Campus_Store/views/default/index.html: -46
[2016-03-31 15:40:29] EDIT Campus_Store/models/db1.py: -1
[2016-03-31 15:41:18] EDIT Campus_Store/models/db1.py: 0
[2016-03-31 15:41:48] EDIT Campus_Store/models/db1.py: 0
[2016-03-31 22:41:03] EDIT Campus_Store/models/db1.py: 1
[2016-03-31 22:42:24] EDIT Campus_Store/models/db1.py: 1
[2016-03-31 22:43:38] EDIT Campus_Store/models/db1.py: 0
[2016-03-31 22:43:59] EDIT Campus_Store/models/db1.py: 0
[2016-03-31 22:44:47] EDIT Campus_Store/models/db.py: 1
[2016-03-31 22:47:38] EDIT Campus_Store/models/db.py: 0
[2016-03-31 22:47:52] EDIT Campus_Store/models/db1.py: -1
[2016-03-31 23:03:21] EDIT Campus_Store/controllers/default.py: 0
[2016-03-31 23:15:46] EDIT Campus_Store/views/default/index.html: 11
[2016-03-31 23:35:30] EDIT Campus_Store/views/default/index.html: 9
[2016-03-31 23:37:03] EDIT Campus_Store/models/db1.py: 1
[2016-03-31 23:41:32] EDIT Campus_Store/views/default/index.html: 1
[2016-03-31 23:41:51] EDIT Campus_Store/views/default/index.html: 0
[2016-03-31 23:42:26] EDIT Campus_Store/views/default/index.html: 0
[2016-03-31 23:46:53] EDIT Campus_Store/views/default/index.html: 0
[2016-03-31 23:47:43] EDIT Campus_Store/views/default/index.html: -1
[2016-03-31 23:49:25] EDIT Campus_Store/views/default/index.html: -9
[2016-03-31 23:52:58] EDIT Campus_Store/controllers/default.py: -4
[2016-03-31 23:53:08] EDIT Campus_Store/views/default/index.html: 9
[2016-03-31 23:53:42] EDIT Campus_Store/models/db1.py: 0
[2016-03-31 23:54:07] EDIT Campus_Store/controllers/default.py: 0
[2016-03-31 23:56:26] EDIT Campus_Store/controllers/default.py: 0
[2016-04-01 07:52:04] EDIT Campus_Store/models/db1.py: 0
[2016-04-01 07:53:05] EDIT Campus_Store/models/db1.py: 0
[2016-04-01 07:53:33] EDIT Campus_Store/controllers/default.py: 0
[2016-04-01 07:56:52] EDIT Campus_Store/views/default/index.html: 0
[2016-04-01 08:01:41] EDIT Campus_Store/views/default/index.html: 1
[2016-04-01 08:04:47] EDIT Campus_Store/views/default/index.html: 0
[2016-04-01 08:05:29] EDIT Campus_Store/views/default/index.html: 1
[2016-04-01 08:09:55] EDIT Campus_Store/models/menu.py: -102
[2016-04-01 08:20:12] EDIT Campus_Store/models/menu.py: 1
[2016-04-01 08:20:46] EDIT Campus_Store/views/default/index.html: 0
[2016-04-01 08:20:57] EDIT Campus_Store/views/default/index.html: 0
[2016-04-01 08:24:14] EDIT Campus_Store/models/db1.py: 0
[2016-04-01 08:24:58] EDIT Campus_Store/controllers/default.py: 4
[2016-04-01 08:25:55] CREATE default/stationary.html: 0
[2016-04-01 08:26:47] EDIT Campus_Store/views/default/stationary.html: 21
[2016-04-01 08:28:07] EDIT Campus_Store/views/default/stationary.html: 0
[2016-04-01 08:28:26] EDIT Campus_Store/views/default/stationary.html: 0
[2016-04-01 08:28:59] EDIT Campus_Store/views/default/stationary.html: 0
[2016-04-01 08:29:14] EDIT Campus_Store/views/default/stationary.html: 0
[2016-04-01 08:29:51] EDIT Campus_Store/views/default/index.html: 0
[2016-04-01 08:30:08] EDIT Campus_Store/views/default/stationary.html: 0
[2016-04-01 08:30:22] EDIT Campus_Store/views/default/stationary.html: 0
[2016-04-01 08:31:23] EDIT Campus_Store/controllers/default.py: 0
[2016-04-01 08:31:31] EDIT Campus_Store/controllers/default.py: 0
[2016-04-01 08:34:21] EDIT Campus_Store/controllers/default.py: 0
[2016-04-01 08:37:15] EDIT Campus_Store/controllers/default.py: 16
[2016-04-01 08:37:43] EDIT Campus_Store/controllers/default.py: 4
[2016-04-01 08:39:28] EDIT Campus_Store/controllers/default.py: 0
[2016-04-01 08:50:18] EDIT Campus_Store/models/db1.py: 4
[2016-04-01 08:50:59] EDIT Campus_Store/models/db1.py: 0
[2016-04-01 08:55:04] EDIT Campus_Store/models/db1.py: 0
[2016-04-01 08:56:03] EDIT Campus_Store/controllers/default.py: 4
[2016-04-01 08:56:34] CREATE default/myitem.html: 0
[2016-04-01 08:57:45] EDIT Campus_Store/views/default/myitem.html: 21
[2016-04-01 08:58:55] EDIT Campus_Store/controllers/default.py: 0
[2016-04-01 08:59:17] EDIT Campus_Store/controllers/default.py: 0
[2016-04-01 09:01:56] EDIT Campus_Store/models/db1.py: 0
[2016-04-01 09:02:34] EDIT Campus_Store/models/db1.py: 0
[2016-04-01 09:04:11] EDIT Campus_Store/models/db1.py: 0
[2016-04-01 09:04:17] EDIT Campus_Store/controllers/default.py: 0
[2016-04-01 09:04:20] EDIT Campus_Store/views/default/stationary.html: 0
[2016-04-01 09:04:24] EDIT Campus_Store/views/default/index.html: 0
[2016-04-01 19:25:43] EDIT Campus_Store/models/db1.py: 0
[2016-04-01 19:25:47] EDIT Campus_Store/models/db1.py: 0
[2016-04-01 19:25:49] EDIT Campus_Store/models/db1.py: 0
[2016-04-01 19:25:50] EDIT Campus_Store/models/db1.py: 0
[2016-04-01 19:26:09] EDIT Campus_Store/models/db1.py: 0
[2016-04-01 19:26:25] EDIT Campus_Store/models/db1.py: 0
[2016-04-01 19:30:08] EDIT Campus_Store/models/db1.py: 0
[2016-04-01 20:55:17] EDIT Campus_Store/models/db1.py: 1
[2016-04-01 21:00:27] EDIT Campus_Store/models/db1.py: 0
[2016-04-01 21:00:59] EDIT Campus_Store/models/db1.py: 0
[2016-04-01 21:02:05] EDIT Campus_Store/views/default/index.html: 2
[2016-04-01 21:03:39] EDIT Campus_Store/views/default/index.html: -1
[2016-04-01 21:14:04] EDIT Campus_Store/controllers/default.py: 3
[2016-04-01 21:14:18] EDIT Campus_Store/controllers/default.py: 0
[2016-04-01 21:14:42] EDIT Campus_Store/controllers/default.py: 1
[2016-04-01 21:16:42] EDIT Campus_Store/views/default/index.html: 0
[2016-04-01 21:17:13] CREATE default/show.html: 0
[2016-04-01 21:17:59] EDIT Campus_Store/controllers/default.py: 0
[2016-04-01 21:18:18] EDIT Campus_Store/controllers/default.py: 0
[2016-04-01 21:18:31] EDIT Campus_Store/views/default/show.html: 1
[2016-04-01 21:20:40] EDIT Campus_Store/views/default/myitem.html: 0
[2016-04-01 21:22:33] EDIT Campus_Store/models/menu.py: 2
[2016-04-01 21:24:03] EDIT Campus_Store/models/menu.py: 0
[2016-04-01 21:40:34] EDIT Campus_Store/views/default/myitem.html: 2
[2016-04-01 21:41:27] EDIT Campus_Store/views/default/myitem.html: 0
[2016-04-01 21:47:05] EDIT Campus_Store/views/default/myitem.html: 0
[2016-04-01 21:47:44] EDIT Campus_Store/views/default/myitem.html: 0
[2016-04-01 21:48:49] EDIT Campus_Store/views/default/myitem.html: 3
[2016-04-01 21:49:07] EDIT Campus_Store/views/default/myitem.html: 0
[2016-04-01 21:50:33] EDIT Campus_Store/views/default/myitem.html: 0
[2016-04-01 21:51:27] EDIT Campus_Store/views/default/myitem.html: 2
[2016-04-01 21:52:50] EDIT Campus_Store/views/default/myitem.html: 2
[2016-04-01 21:53:36] EDIT Campus_Store/views/default/myitem.html: 0
[2016-04-01 21:54:30] EDIT Campus_Store/views/default/index.html: 6
[2016-04-01 21:55:41] EDIT Campus_Store/views/default/myitem.html: -1
[2016-04-01 21:55:51] EDIT Campus_Store/views/default/index.html: 0
[2016-04-01 22:00:36] EDIT Campus_Store/views/default/show.html: 1
